生成启动时间为 2015/12/7 22:02:59。
     1>项目“F:\vs10.0test\useClipper\useClipper\useClipper.vcxproj”在节点 2 上(build 个目标)。
     1>InitializeBuildStatus:
         正在创建“Debug\useClipper.unsuccessfulbuild”，因为已指定“AlwaysCreate”。
       ClCompile:
         所有输出均为最新。
         D:\Program Files (x86)\Microsoft Visual Studio 10.0\VC\bin\CL.exe /c /ZI /nologo /W3 /WX- /Od /Oy- /D WIN32 /D _DEBUG /D _CONSOLE /D _UNICODE /D UNICODE /Gm /EHsc /RTC1 /MDd /GS /fp:precise /Zc:wchar_t /Zc:forScope /Yu"StdAfx.h" /Fp"Debug\useClipper.pch" /Fo"Debug\\" /Fd"Debug\vc100.pdb" /Gd /TP /analyze- /errorReport:prompt useClipper.cpp
         useClipper.cpp
     1>f:\vs10.0test\useclipper\useclipper\useclipper.cpp(69): warning C4244: “参数”: 从“float”转换到“ClipperLib::cInt”，可能丢失数据
     1>f:\vs10.0test\useclipper\useclipper\useclipper.cpp(69): warning C4244: “参数”: 从“float”转换到“ClipperLib::cInt”，可能丢失数据
       ManifestResourceCompile:
         所有输出均为最新。
       Link:
         D:\Program Files (x86)\Microsoft Visual Studio 10.0\VC\bin\link.exe /ERRORREPORT:PROMPT /OUT:"F:\vs10.0test\useClipper\Debug\useClipper.exe" /INCREMENTAL /NOLOGO kernel32.lib user32.lib gdi32.lib winspool.lib comdlg32.lib advapi32.lib shell32.lib ole32.lib oleaut32.lib uuid.lib odbc32.lib odbccp32.lib /MANIFEST /ManifestFile:"Debug\useClipper.exe.intermediate.manifest" /MANIFESTUAC:"level='asInvoker' uiAccess='false'" /DEBUG /PDB:"F:\vs10.0test\useClipper\Debug\useClipper.pdb" /SUBSYSTEM:CONSOLE /TLBID:1 /DYNAMICBASE /NXCOMPAT /IMPLIB:"F:\vs10.0test\useClipper\Debug\useClipper.lib" /MACHINE:X86 Debug\useClipper.exe.embed.manifest.res
         Debug\clipper.obj
         Debug\stdafx.obj
         Debug\useClipper.obj
       Manifest:
         C:\Program Files (x86)\Microsoft SDKs\Windows\v7.0A\bin\mt.exe /nologo /verbose /out:"Debug\useClipper.exe.embed.manifest" /manifest Debug\useClipper.exe.intermediate.manifest
         所有输出均为最新。
       LinkEmbedManifest:
         所有输出均为最新。
         useClipper.vcxproj -> F:\vs10.0test\useClipper\Debug\useClipper.exe
       FinalizeBuildStatus:
         正在删除文件“Debug\useClipper.unsuccessfulbuild”。
         正在对“Debug\useClipper.lastbuildstate”执行 Touch 任务。
     1>已完成生成项目“F:\vs10.0test\useClipper\useClipper\useClipper.vcxproj”(build 个目标)的操作。

生成成功。

已用时间 00:00:03.44
